<testsuite errors="0" failures="0" name="" tests="1" time="2.082">
<testcase classname="" name="TestNmap" time="2.008"/>
</testsuite>
